[debug] [2024-12-05T13:38:18.175Z] ----------------------------------------------------------------------
[debug] [2024-12-05T13:38:18.177Z] Command:       C:\Program Files\nodejs\node.exe C:\Users\pc22a\AppData\Roaming\npm\node_modules\firebase-tools\lib\bin\firebase.js init hosting
[debug] [2024-12-05T13:38:18.177Z] CLI Version:   11.24.1
[debug] [2024-12-05T13:38:18.177Z] Platform:      win32
[debug] [2024-12-05T13:38:18.178Z] Node Version:  v18.14.2
[debug] [2024-12-05T13:38:18.178Z] Time:          Thu Dec 05 2024 21:38:18 GMT+0800 (Malaysia Time)
[debug] [2024-12-05T13:38:18.179Z] ----------------------------------------------------------------------
[debug] 
[debug] [2024-12-05T13:38:18.183Z] >>> [apiv2][query] GET https://firebase-public.firebaseio.com/cli.json [none]
[debug] [2024-12-05T13:38:18.297Z] > command requires scopes: ["email","openid","https://www.googleapis.com/auth/cloudplatformprojects.readonly","https://www.googleapis.com/auth/firebase","https://www.googleapis.com/auth/cloud-platform"]
[debug] [2024-12-05T13:38:18.297Z] > authorizing via signed-in user (ilyas.ukm@gmail.com)
[info] 
     ######## #### ########  ######## ########     ###     ######  ########
     ##        ##  ##     ## ##       ##     ##  ##   ##  ##       ##
     ######    ##  ########  ######   ########  #########  ######  ######
     ##        ##  ##    ##  ##       ##     ## ##     ##       ## ##
     ##       #### ##     ## ######## ########  ##     ##  ######  ########

You're about to initialize a Firebase project in this directory:

  C:\Users\pc22a\Desktop\codes\bekalan

Before we get started, keep in mind:

  * You are initializing within an existing Firebase project directory

[debug] [2024-12-05T13:38:18.921Z] <<< [apiv2][status] GET https://firebase-public.firebaseio.com/cli.json 200
[debug] [2024-12-05T13:38:18.921Z] <<< [apiv2][body] GET https://firebase-public.firebaseio.com/cli.json {"cloudBuildErrorAfter":1594252800000,"cloudBuildWarnAfter":1590019200000,"defaultNode10After":1594252800000,"minVersion":"3.0.5","node8DeploysDisabledAfter":1613390400000,"node8RuntimeDisabledAfter":1615809600000,"node8WarnAfter":1600128000000}
[info] 
=== Project Setup
[info] 
[info] First, let's associate this project directory with a Firebase project.
[info] You can create multiple project aliases by running firebase use --add, 
[info] but for now we'll just set up a default project.
[info] 
[debug] [2024-12-05T13:38:27.968Z] Using project from CLI flag: bekalan-hsm
[debug] [2024-12-05T13:38:27.968Z] > refreshing access token with scopes: []
[debug] [2024-12-05T13:38:27.969Z] >>> [apiv2][query] POST https://www.googleapis.com/oauth2/v3/token [none]
[debug] [2024-12-05T13:38:27.969Z] >>> [apiv2][body] POST https://www.googleapis.com/oauth2/v3/token [omitted]
[debug] [2024-12-05T13:38:28.087Z] <<< [apiv2][status] POST https://www.googleapis.com/oauth2/v3/token 400
[debug] [2024-12-05T13:38:28.087Z] <<< [apiv2][body] POST https://www.googleapis.com/oauth2/v3/token [omitted]
[debug] [2024-12-05T13:38:28.088Z] >>> [apiv2][query] GET https://firebase.googleapis.com/v1beta1/projects/bekalan-hsm [none]
[debug] [2024-12-05T13:38:28.222Z] <<< [apiv2][status] GET https://firebase.googleapis.com/v1beta1/projects/bekalan-hsm 401
[debug] [2024-12-05T13:38:28.222Z] <<< [apiv2][body] GET https://firebase.googleapis.com/v1beta1/projects/bekalan-hsm {"error":{"code":401,"message":"Request had invalid authentication credentials. Expected OAuth 2 access token, login cookie or other valid authentication credential. See https://developers.google.com/identity/sign-in/web/devconsole-project.","status":"UNAUTHENTICATED"}}
[debug] [2024-12-05T13:38:28.224Z] HTTP Error: 401, Request had invalid authentication credentials. Expected OAuth 2 access token, login cookie or other valid authentication credential. See https://developers.google.com/identity/sign-in/web/devconsole-project.
[debug] [2024-12-05T13:38:28.309Z] FirebaseError: HTTP Error: 401, Request had invalid authentication credentials. Expected OAuth 2 access token, login cookie or other valid authentication credential. See https://developers.google.com/identity/sign-in/web/devconsole-project.
    at responseToError (C:\Users\pc22a\AppData\Roaming\npm\node_modules\firebase-tools\lib\responseToError.js:49:12)
    at RetryOperation._fn (C:\Users\pc22a\AppData\Roaming\npm\node_modules\firebase-tools\lib\apiv2.js:288:77)
    at process.processTicksAndRejections (node:internal/process/task_queues:95:5)
[error] 
[error] Error: Failed to get Firebase project bekalan-hsm. Please make sure the project exists and your account has permission to access it.
